<?xml version="1.0" encoding="UTF-8"?>
<!-- Generated by org.testng.reporters.JUnitReportReporter -->
<testsuite skipped="0" hostname="DESKTOP-TPONB33" name="testNGsctipts.homepageverifications" tests="1" failures="0" timestamp="20 Feb 2019 21:25:24 GMT" time="10.476" errors="0">
  <testcase name="homepageverification" time="10.476" classname="testNGsctipts.homepageverifications"/>
</testsuite> <!-- testNGsctipts.homepageverifications -->
